userscript.html?name=ScalePlus-Checkbox-Diagnostic-Tool.user.js&id=32a097b3-1809-4150-b0c3-e1a99bed585c:49 [Sample 12] Row: 56.8594px | Checkbox: 43px | BG: rgb(232, 232, 236) | State: UNCHECKED
userscript.html?name=ScalePlus-Checkbox-Diagnostic-Tool.user.js&id=32a097b3-1809-4150-b0c3-e1a99bed585c:49 [Sample 13] Row: 56.8594px | Checkbox: 43px | BG: rgb(215, 215, 220) | State: UNCHECKED
userscript.html?name=ScalePlus-Checkbox-Diagnostic-Tool.user.js&id=32a097b3-1809-4150-b0c3-e1a99bed585c:59 ⚠️ CHECKBOX BG COLOR CHANGED: rgb(232, 232, 236) -> rgb(215, 215, 220)
(anonymous) @ userscript.html?name=ScalePlus-Checkbox-Diagnostic-Tool.user.js&id=32a097b3-1809-4150-b0c3-e1a99bed585c:59
setInterval
(anonymous) @ userscript.html?name=ScalePlus-Checkbox-Diagnostic-Tool.user.js&id=32a097b3-1809-4150-b0c3-e1a99bed585c:27
setTimeout
(anonymous) @ userscript.html?name=ScalePlus-Checkbox-Diagnostic-Tool.user.js&id=32a097b3-1809-4150-b0c3-e1a99bed585c:17
(anonymous) @ userscript.html?name=ScalePlus-Checkbox-Diagnostic-Tool.user.js&id=32a097b3-1809-4150-b0c3-e1a99bed585c:75
At @ VM8220:10
(anonymous) @ userscript.html?name=ScalePlus-Checkbox-Diagnostic-Tool.user.js&id=32a097b3-1809-4150-b0c3-e1a99bed585c:1
window.__f__mj23us80.6z @ userscript.html?name=ScalePlus-Checkbox-Diagnostic-Tool.user.js&id=32a097b3-1809-4150-b0c3-e1a99bed585c:1
At @ VM8220:10
r.setMessageListener.r @ VM8220:90
(anonymous) @ VM8220:93
_ @ VM8220:22
$t @ content.js:9
h @ content.js:65
d @ content.js:68
(anonymous) @ content.js:68
Xn @ content.js:15
send @ content.js:68
w @ content.js:63
(anonymous) @ content.js:64
(anonymous) @ content.js:22
setTimeout
(anonymous) @ content.js:22
(anonymous) @ content.js:2
userscript.html?name=ScalePlus-Checkbox-Diagnostic-Tool.user.js&id=32a097b3-1809-4150-b0c3-e1a99bed585c:49 [Sample 14] Row: 56.8594px | Checkbox: 43px | BG: rgb(232, 232, 236) | State: UNCHECKED
userscript.html?name=ScalePlus-Checkbox-Diagnostic-Tool.user.js&id=32a097b3-1809-4150-b0c3-e1a99bed585c:59 ⚠️ CHECKBOX BG COLOR CHANGED: rgb(215, 215, 220) -> rgb(232, 232, 236)
(anonymous) @ userscript.html?name=ScalePlus-Checkbox-Diagnostic-Tool.user.js&id=32a097b3-1809-4150-b0c3-e1a99bed585c:59
setInterval
(anonymous) @ userscript.html?name=ScalePlus-Checkbox-Diagnostic-Tool.user.js&id=32a097b3-1809-4150-b0c3-e1a99bed585c:27
setTimeout
(anonymous) @ userscript.html?name=ScalePlus-Checkbox-Diagnostic-Tool.user.js&id=32a097b3-1809-4150-b0c3-e1a99bed585c:17
(anonymous) @ userscript.html?name=ScalePlus-Checkbox-Diagnostic-Tool.user.js&id=32a097b3-1809-4150-b0c3-e1a99bed585c:75
At @ VM8220:10
(anonymous) @ userscript.html?name=ScalePlus-Checkbox-Diagnostic-Tool.user.js&id=32a097b3-1809-4150-b0c3-e1a99bed585c:1
window.__f__mj23us80.6z @ userscript.html?name=ScalePlus-Checkbox-Diagnostic-Tool.user.js&id=32a097b3-1809-4150-b0c3-e1a99bed585c:1
At @ VM8220:10
r.setMessageListener.r @ VM8220:90
(anonymous) @ VM8220:93
_ @ VM8220:22
$t @ content.js:9
h @ content.js:65
d @ content.js:68
(anonymous) @ content.js:68
Xn @ content.js:15
send @ content.js:68
w @ content.js:63
(anonymous) @ content.js:64
(anonymous) @ content.js:22
setTimeout
(anonymous) @ content.js:22
(anonymous) @ content.js:2
userscript.html?name=ScalePlus-Checkbox-Diagnostic-Tool.user.js&id=32a097b3-1809-4150-b0c3-e1a99bed585c:49 [Sample 15] Row: 56.8594px | Checkbox: 43px | BG: rgb(79, 147, 228) | State: CHECKED
userscript.html?name=ScalePlus-Checkbox-Diagnostic-Tool.user.js&id=32a097b3-1809-4150-b0c3-e1a99bed585c:59 ⚠️ CHECKBOX BG COLOR CHANGED: rgb(232, 232, 236) -> rgb(79, 147, 228)
(anonymous) @ userscript.html?name=ScalePlus-Checkbox-Diagnostic-Tool.user.js&id=32a097b3-1809-4150-b0c3-e1a99bed585c:59
setInterval
(anonymous) @ userscript.html?name=ScalePlus-Checkbox-Diagnostic-Tool.user.js&id=32a097b3-1809-4150-b0c3-e1a99bed585c:27
setTimeout
(anonymous) @ userscript.html?name=ScalePlus-Checkbox-Diagnostic-Tool.user.js&id=32a097b3-1809-4150-b0c3-e1a99bed585c:17
(anonymous) @ userscript.html?name=ScalePlus-Checkbox-Diagnostic-Tool.user.js&id=32a097b3-1809-4150-b0c3-e1a99bed585c:75
At @ VM8220:10
(anonymous) @ userscript.html?name=ScalePlus-Checkbox-Diagnostic-Tool.user.js&id=32a097b3-1809-4150-b0c3-e1a99bed585c:1
window.__f__mj23us80.6z @ userscript.html?name=ScalePlus-Checkbox-Diagnostic-Tool.user.js&id=32a097b3-1809-4150-b0c3-e1a99bed585c:1
At @ VM8220:10
r.setMessageListener.r @ VM8220:90
(anonymous) @ VM8220:93
_ @ VM8220:22
$t @ content.js:9
h @ content.js:65
d @ content.js:68
(anonymous) @ content.js:68
Xn @ content.js:15
send @ content.js:68
w @ content.js:63
(anonymous) @ content.js:64
(anonymous) @ content.js:22
setTimeout
(anonymous) @ content.js:22
(anonymous) @ content.js:2
userscript.html?name=ScalePlus-Checkbox-Diagnostic-Tool.user.js&id=32a097b3-1809-4150-b0c3-e1a99bed585c:49 [Sample 16] Row: 56.8594px | Checkbox: 43px | BG: rgb(215, 215, 220) | State: UNCHECKED
userscript.html?name=ScalePlus-Checkbox-Diagnostic-Tool.user.js&id=32a097b3-1809-4150-b0c3-e1a99bed585c:59 ⚠️ CHECKBOX BG COLOR CHANGED: rgb(79, 147, 228) -> rgb(215, 215, 220)
(anonymous) @ userscript.html?name=ScalePlus-Checkbox-Diagnostic-Tool.user.js&id=32a097b3-1809-4150-b0c3-e1a99bed585c:59
setInterval
(anonymous) @ userscript.html?name=ScalePlus-Checkbox-Diagnostic-Tool.user.js&id=32a097b3-1809-4150-b0c3-e1a99bed585c:27
setTimeout
(anonymous) @ userscript.html?name=ScalePlus-Checkbox-Diagnostic-Tool.user.js&id=32a097b3-1809-4150-b0c3-e1a99bed585c:17
(anonymous) @ userscript.html?name=ScalePlus-Checkbox-Diagnostic-Tool.user.js&id=32a097b3-1809-4150-b0c3-e1a99bed585c:75
At @ VM8220:10
(anonymous) @ userscript.html?name=ScalePlus-Checkbox-Diagnostic-Tool.user.js&id=32a097b3-1809-4150-b0c3-e1a99bed585c:1
window.__f__mj23us80.6z @ userscript.html?name=ScalePlus-Checkbox-Diagnostic-Tool.user.js&id=32a097b3-1809-4150-b0c3-e1a99bed585c:1
At @ VM8220:10
r.setMessageListener.r @ VM8220:90
(anonymous) @ VM8220:93
_ @ VM8220:22
$t @ content.js:9
h @ content.js:65
d @ content.js:68
(anonymous) @ content.js:68
Xn @ content.js:15
send @ content.js:68
w @ content.js:63
(anonymous) @ content.js:64
(anonymous) @ content.js:22
setTimeout
(anonymous) @ content.js:22
(anonymous) @ content.js:2
userscript.html?name=ScalePlus-Checkbox-Diagnostic-Tool.user.js&id=32a097b3-1809-4150-b0c3-e1a99bed585c:49 [Sample 17] Row: 54.8594px | Checkbox: 43px | BG: rgb(79, 147, 228) | State: CHECKED
userscript.html?name=ScalePlus-Checkbox-Diagnostic-Tool.user.js&id=32a097b3-1809-4150-b0c3-e1a99bed585c:53 ⚠️ ROW HEIGHT CHANGED: 56.8594px -> 54.8594px
(anonymous) @ userscript.html?name=ScalePlus-Checkbox-Diagnostic-Tool.user.js&id=32a097b3-1809-4150-b0c3-e1a99bed585c:53
setInterval
(anonymous) @ userscript.html?name=ScalePlus-Checkbox-Diagnostic-Tool.user.js&id=32a097b3-1809-4150-b0c3-e1a99bed585c:27
setTimeout
(anonymous) @ userscript.html?name=ScalePlus-Checkbox-Diagnostic-Tool.user.js&id=32a097b3-1809-4150-b0c3-e1a99bed585c:17
(anonymous) @ userscript.html?name=ScalePlus-Checkbox-Diagnostic-Tool.user.js&id=32a097b3-1809-4150-b0c3-e1a99bed585c:75
At @ VM8220:10
(anonymous) @ userscript.html?name=ScalePlus-Checkbox-Diagnostic-Tool.user.js&id=32a097b3-1809-4150-b0c3-e1a99bed585c:1
window.__f__mj23us80.6z @ userscript.html?name=ScalePlus-Checkbox-Diagnostic-Tool.user.js&id=32a097b3-1809-4150-b0c3-e1a99bed585c:1
At @ VM8220:10
r.setMessageListener.r @ VM8220:90
(anonymous) @ VM8220:93
_ @ VM8220:22
$t @ content.js:9
h @ content.js:65
d @ content.js:68
(anonymous) @ content.js:68
Xn @ content.js:15
send @ content.js:68
w @ content.js:63
(anonymous) @ content.js:64
(anonymous) @ content.js:22
setTimeout
(anonymous) @ content.js:22
(anonymous) @ content.js:2
userscript.html?name=ScalePlus-Checkbox-Diagnostic-Tool.user.js&id=32a097b3-1809-4150-b0c3-e1a99bed585c:59 ⚠️ CHECKBOX BG COLOR CHANGED: rgb(215, 215, 220) -> rgb(79, 147, 228)
(anonymous) @ userscript.html?name=ScalePlus-Checkbox-Diagnostic-Tool.user.js&id=32a097b3-1809-4150-b0c3-e1a99bed585c:59
setInterval
(anonymous) @ userscript.html?name=ScalePlus-Checkbox-Diagnostic-Tool.user.js&id=32a097b3-1809-4150-b0c3-e1a99bed585c:27
setTimeout
(anonymous) @ userscript.html?name=ScalePlus-Checkbox-Diagnostic-Tool.user.js&id=32a097b3-1809-4150-b0c3-e1a99bed585c:17
(anonymous) @ userscript.html?name=ScalePlus-Checkbox-Diagnostic-Tool.user.js&id=32a097b3-1809-4150-b0c3-e1a99bed585c:75
At @ VM8220:10
(anonymous) @ userscript.html?name=ScalePlus-Checkbox-Diagnostic-Tool.user.js&id=32a097b3-1809-4150-b0c3-e1a99bed585c:1
window.__f__mj23us80.6z @ userscript.html?name=ScalePlus-Checkbox-Diagnostic-Tool.user.js&id=32a097b3-1809-4150-b0c3-e1a99bed585c:1
At @ VM8220:10
r.setMessageListener.r @ VM8220:90
(anonymous) @ VM8220:93
_ @ VM8220:22
$t @ content.js:9
h @ content.js:65
d @ content.js:68
(anonymous) @ content.js:68
Xn @ content.js:15
send @ content.js:68
w @ content.js:63
(anonymous) @ content.js:64
(anonymous) @ content.js:22
setTimeout
(anonymous) @ content.js:22
(anonymous) @ content.js:2
userscript.html?name=ScalePlus-Checkbox-Diagnostic-Tool.user.js&id=32a097b3-1809-4150-b0c3-e1a99bed585c:49 [Sample 18] Row: 54.8594px | Checkbox: 43px | BG: rgb(79, 147, 228) | State: CHECKED
userscript.html?name=ScalePlus-Checkbox-Diagnostic-Tool.user.js&id=32a097b3-1809-4150-b0c3-e1a99bed585c:49 [Sample 19] Row: 54.8594px | Checkbox: 43px | BG: rgb(79, 147, 228) | State: CHECKED
userscript.html?name=ScalePlus-Checkbox-Diagnostic-Tool.user.js&id=32a097b3-1809-4150-b0c3-e1a99bed585c:49 [Sample 20] Row: 54.8594px | Checkbox: 43px | BG: rgb(79, 147, 228) | State: CHECKED
userscript.html?name=ScalePlus-Checkbox-Diagnostic-Tool.user.js&id=32a097b3-1809-4150-b0c3-e1a99bed585c:49 [Sample 21] Row: 56.8594px | Checkbox: 43px | BG: rgb(79, 147, 228) | State: CHECKED
userscript.html?name=ScalePlus-Checkbox-Diagnostic-Tool.user.js&id=32a097b3-1809-4150-b0c3-e1a99bed585c:53 ⚠️ ROW HEIGHT CHANGED: 54.8594px -> 56.8594px
(anonymous) @ userscript.html?name=ScalePlus-Checkbox-Diagnostic-Tool.user.js&id=32a097b3-1809-4150-b0c3-e1a99bed585c:53
setInterval
(anonymous) @ userscript.html?name=ScalePlus-Checkbox-Diagnostic-Tool.user.js&id=32a097b3-1809-4150-b0c3-e1a99bed585c:27
setTimeout
(anonymous) @ userscript.html?name=ScalePlus-Checkbox-Diagnostic-Tool.user.js&id=32a097b3-1809-4150-b0c3-e1a99bed585c:17
(anonymous) @ userscript.html?name=ScalePlus-Checkbox-Diagnostic-Tool.user.js&id=32a097b3-1809-4150-b0c3-e1a99bed585c:75
At @ VM8220:10
(anonymous) @ userscript.html?name=ScalePlus-Checkbox-Diagnostic-Tool.user.js&id=32a097b3-1809-4150-b0c3-e1a99bed585c:1
window.__f__mj23us80.6z @ userscript.html?name=ScalePlus-Checkbox-Diagnostic-Tool.user.js&id=32a097b3-1809-4150-b0c3-e1a99bed585c:1
At @ VM8220:10
r.setMessageListener.r @ VM8220:90
(anonymous) @ VM8220:93
_ @ VM8220:22
$t @ content.js:9
h @ content.js:65
d @ content.js:68
(anonymous) @ content.js:68
Xn @ content.js:15
send @ content.js:68
w @ content.js:63
(anonymous) @ content.js:64
(anonymous) @ content.js:22
setTimeout
(anonymous) @ content.js:22
(anonymous) @ content.js:2
userscript.html?name=ScalePlus-Checkbox-Diagnostic-Tool.user.js&id=32a097b3-1809-4150-b0c3-e1a99bed585c:49 [Sample 22] Row: 56.8594px | Checkbox: 43px | BG: rgb(79, 147, 228) | State: CHECKED
